Symbol range map extraction starting
Processing 10 files
startProcessing "com\tjtofvesson\mcoverhaul\MCOverhaul.java" md5: 531c0bfe6dbc45bf7971ca34e5d1d12d
Cache Hit!
endProcessing "com\tjtofvesson\mcoverhaul\MCOverhaul.java"

startProcessing "com\tjtofvesson\mcoverhaul\Reference.java" md5: e6494356e22c03a0d2e4107f39a501e2
endProcessing "com\tjtofvesson\mcoverhaul\Reference.java"

startProcessing "com\tjtofvesson\mcoverhaul\block\PlayerPlate.java" md5: 34de3fee2082da796b718d77c29c2e70
Cache Hit!
endProcessing "com\tjtofvesson\mcoverhaul\block\PlayerPlate.java"

startProcessing "com\tjtofvesson\mcoverhaul\init\MCOBlocks.java" md5: 9fcd1f9000f3b8f01d1a6aa738a47ed9
Cache Hit!
endProcessing "com\tjtofvesson\mcoverhaul\init\MCOBlocks.java"

startProcessing "com\tjtofvesson\mcoverhaul\init\MCOItems.java" md5: bb42b519d61776086145fd6f7b6a00c2
Cache Hit!
endProcessing "com\tjtofvesson\mcoverhaul\init\MCOItems.java"

startProcessing "com\tjtofvesson\mcoverhaul\items\ItemTestItem.java" md5: 0ef44eeb39b0f94ba5d005637e36d747
Cache Hit!
endProcessing "com\tjtofvesson\mcoverhaul\items\ItemTestItem.java"

startProcessing "com\tjtofvesson\mcoverhaul\proxy\ClientProxy.java" md5: 906923f9090a721dccf9dbda8ea51ac4
Cache Hit!
endProcessing "com\tjtofvesson\mcoverhaul\proxy\ClientProxy.java"

startProcessing "com\tjtofvesson\mcoverhaul\proxy\CommonProxy.java" md5: 82916d6ed8604237623faaaa8a70ea90
Cache Hit!
endProcessing "com\tjtofvesson\mcoverhaul\proxy\CommonProxy.java"

startProcessing "com\tjtofvesson\mcoverhaul\proxy\ServerProxy.java" md5: 63a82a32ba1d13e897927c8111ff15a9
Cache Hit!
endProcessing "com\tjtofvesson\mcoverhaul\proxy\ServerProxy.java"

startProcessing "com\tjtofvesson\mcoverhaul\utils\ChatUtils.java" md5: 69c62c96ef56af9c694b68cdd0e64865
Cache Hit!
endProcessing "com\tjtofvesson\mcoverhaul\utils\ChatUtils.java"

